#! /usr/local/Cellar/icarus-verilog/11.0/bin/vvp
:ivl_version "11.0 (stable)";
:ivl_delay_selection "TYPICAL";
:vpi_time_precision + 0;
:vpi_module "/usr/local/Cellar/icarus-verilog/11.0/lib/ivl/system.vpi";
:vpi_module "/usr/local/Cellar/icarus-verilog/11.0/lib/ivl/vhdl_sys.vpi";
:vpi_module "/usr/local/Cellar/icarus-verilog/11.0/lib/ivl/vhdl_textio.vpi";
:vpi_module "/usr/local/Cellar/icarus-verilog/11.0/lib/ivl/v2005_math.vpi";
:vpi_module "/usr/local/Cellar/icarus-verilog/11.0/lib/ivl/va_math.vpi";
S_0x7faea6904740 .scope module, "tb" "tb" 2 6;
 .timescale 0 0;
v0x600003b15cb0_0 .net "ce", 0 0, v0x600003b153b0_0;  1 drivers
v0x600003b15d40_0 .var "clk", 0 0;
v0x600003b15dd0_0 .net "id_aluop_o", 7 0, v0x600003b143f0_0;  1 drivers
v0x600003b15e60_0 .net "id_alusel_o", 2 0, v0x600003b14480_0;  1 drivers
v0x600003b15ef0_0 .net "id_inst_i", 31 0, v0x600003b150e0_0;  1 drivers
v0x600003b15f80_0 .net "id_pc_i", 31 0, v0x600003b15170_0;  1 drivers
v0x600003b16010_0 .net "id_reg1_o", 31 0, v0x600003b14ab0_0;  1 drivers
v0x600003b160a0_0 .net "id_reg2_o", 31 0, v0x600003b14cf0_0;  1 drivers
v0x600003b16130_0 .net "id_wd_o", 4 0, v0x600003b14ea0_0;  1 drivers
v0x600003b161c0_0 .net "id_wreg_o", 0 0, v0x600003b14f30_0;  1 drivers
v0x600003b16250_0 .var "if_inst", 31 0;
v0x600003b162e0_0 .net "pc", 31 0, v0x600003b154d0_0;  1 drivers
v0x600003b16370_0 .net "reg1_addr", 4 0, v0x600003b14990_0;  1 drivers
v0x600003b16400_0 .net "reg1_data", 31 0, v0x600003b157a0_0;  1 drivers
v0x600003b16490_0 .net "reg1_read", 0 0, v0x600003b14b40_0;  1 drivers
v0x600003b16520_0 .net "reg2_addr", 4 0, v0x600003b14bd0_0;  1 drivers
v0x600003b165b0_0 .net "reg2_data", 31 0, v0x600003b15830_0;  1 drivers
v0x600003b16640_0 .net "reg2_read", 0 0, v0x600003b14d80_0;  1 drivers
v0x600003b166d0_0 .var "rst", 0 0;
o0x7faea6832f68 .functor BUFZ 5, C4<zzzzz>; HiZ drive
v0x600003b16760_0 .net "wb_wd_i", 4 0, o0x7faea6832f68;  0 drivers
o0x7faea6832f98 .functor BUFZ 32, C4<zzzzzzzzzzzzzzzzzzzzzzzzzzzzzzzz>; HiZ drive
v0x600003b167f0_0 .net "wb_wdata_i", 31 0, o0x7faea6832f98;  0 drivers
o0x7faea6832fc8 .functor BUFZ 1, C4<z>; HiZ drive
v0x600003b16880_0 .net "wb_wreg_i", 0 0, o0x7faea6832fc8;  0 drivers
S_0x7faea69048b0 .scope module, "id" "id" 2 62, 3 3 0, S_0x7faea6904740;
 .timescale 0 0;
    .port_info 0 /INPUT 1 "rst";
    .port_info 1 /INPUT 32 "pc_i";
    .port_info 2 /INPUT 32 "inst_i";
    .port_info 3 /INPUT 32 "reg1_data_i";
    .port_info 4 /INPUT 32 "reg2_data_i";
    .port_info 5 /OUTPUT 1 "reg1_read_o";
    .port_info 6 /OUTPUT 1 "reg2_read_o";
    .port_info 7 /OUTPUT 5 "reg1_addr_o";
    .port_info 8 /OUTPUT 5 "reg2_addr_o";
    .port_info 9 /OUTPUT 8 "aluop_o";
    .port_info 10 /OUTPUT 3 "alusel_o";
    .port_info 11 /OUTPUT 32 "reg1_o";
    .port_info 12 /OUTPUT 32 "reg2_o";
    .port_info 13 /OUTPUT 5 "wd_o";
    .port_info 14 /OUTPUT 1 "wreg_o";
v0x600003b143f0_0 .var "aluop_o", 7 0;
v0x600003b14480_0 .var "alusel_o", 2 0;
v0x600003b14510_0 .var "imm", 31 0;
v0x600003b145a0_0 .net "inst_i", 31 0, v0x600003b150e0_0;  alias, 1 drivers
v0x600003b14630_0 .var "instvalid", 0 0;
v0x600003b146c0_0 .net "op", 5 0, L_0x600003814280;  1 drivers
v0x600003b14750_0 .net "op2", 4 0, L_0x600003814460;  1 drivers
v0x600003b147e0_0 .net "op3", 5 0, L_0x600003814500;  1 drivers
v0x600003b14870_0 .net "op4", 4 0, L_0x6000038145a0;  1 drivers
v0x600003b14900_0 .net "pc_i", 31 0, v0x600003b15170_0;  alias, 1 drivers
v0x600003b14990_0 .var "reg1_addr_o", 4 0;
v0x600003b14a20_0 .net "reg1_data_i", 31 0, v0x600003b157a0_0;  alias, 1 drivers
v0x600003b14ab0_0 .var "reg1_o", 31 0;
v0x600003b14b40_0 .var "reg1_read_o", 0 0;
v0x600003b14bd0_0 .var "reg2_addr_o", 4 0;
v0x600003b14c60_0 .net "reg2_data_i", 31 0, v0x600003b15830_0;  alias, 1 drivers
v0x600003b14cf0_0 .var "reg2_o", 31 0;
v0x600003b14d80_0 .var "reg2_read_o", 0 0;
v0x600003b14e10_0 .net "rst", 0 0, v0x600003b166d0_0;  1 drivers
v0x600003b14ea0_0 .var "wd_o", 4 0;
v0x600003b14f30_0 .var "wreg_o", 0 0;
E_0x60000071c510 .event edge, v0x600003b14e10_0, v0x600003b14d80_0, v0x600003b14c60_0, v0x600003b14510_0;
E_0x60000071c2a0 .event edge, v0x600003b14e10_0, v0x600003b14b40_0, v0x600003b14a20_0, v0x600003b14510_0;
E_0x60000071c330 .event edge, v0x600003b14e10_0, v0x600003b145a0_0, v0x600003b146c0_0;
L_0x600003814280 .part v0x600003b150e0_0, 26, 6;
L_0x600003814460 .part v0x600003b150e0_0, 6, 5;
L_0x600003814500 .part v0x600003b150e0_0, 0, 6;
L_0x6000038145a0 .part v0x600003b150e0_0, 16, 5;
S_0x7faea69041f0 .scope module, "if_id" "if_id" 2 52, 4 3 0, S_0x7faea6904740;
 .timescale 0 0;
    .port_info 0 /INPUT 1 "clk";
    .port_info 1 /INPUT 1 "rst";
    .port_info 2 /INPUT 32 "if_pc";
    .port_info 3 /INPUT 32 "if_inst";
    .port_info 4 /OUTPUT 32 "id_pc";
    .port_info 5 /OUTPUT 32 "id_inst";
v0x600003b15050_0 .net "clk", 0 0, v0x600003b15d40_0;  1 drivers
v0x600003b150e0_0 .var "id_inst", 31 0;
v0x600003b15170_0 .var "id_pc", 31 0;
v0x600003b15200_0 .net "if_inst", 31 0, v0x600003b16250_0;  1 drivers
v0x600003b15290_0 .net "if_pc", 31 0, v0x600003b154d0_0;  alias, 1 drivers
v0x600003b15320_0 .net "rst", 0 0, v0x600003b166d0_0;  alias, 1 drivers
E_0x60000071c270 .event posedge, v0x600003b15050_0;
S_0x7faea6904a30 .scope module, "pc_reg" "pc_reg" 2 44, 5 3 0, S_0x7faea6904740;
 .timescale 0 0;
    .port_info 0 /INPUT 1 "clk";
    .port_info 1 /INPUT 1 "rst";
    .port_info 2 /OUTPUT 32 "pc";
    .port_info 3 /OUTPUT 1 "ce";
v0x600003b153b0_0 .var "ce", 0 0;
v0x600003b15440_0 .net "clk", 0 0, v0x600003b15d40_0;  alias, 1 drivers
v0x600003b154d0_0 .var "pc", 31 0;
v0x600003b15560_0 .net "rst", 0 0, v0x600003b166d0_0;  alias, 1 drivers
S_0x7faea6904ba0 .scope module, "regfile1" "regfile" 2 82, 6 3 0, S_0x7faea6904740;
 .timescale 0 0;
    .port_info 0 /INPUT 1 "clk";
    .port_info 1 /INPUT 1 "rst";
    .port_info 2 /INPUT 1 "we";
    .port_info 3 /INPUT 5 "waddr";
    .port_info 4 /INPUT 32 "wdata";
    .port_info 5 /INPUT 1 "re1";
    .port_info 6 /INPUT 5 "raddr1";
    .port_info 7 /OUTPUT 32 "rdata1";
    .port_info 8 /INPUT 1 "re2";
    .port_info 9 /INPUT 5 "raddr2";
    .port_info 10 /OUTPUT 32 "rdata2";
v0x600003b155f0_0 .net "clk", 0 0, v0x600003b15d40_0;  alias, 1 drivers
v0x600003b15680_0 .net "raddr1", 4 0, v0x600003b14990_0;  alias, 1 drivers
v0x600003b15710_0 .net "raddr2", 4 0, v0x600003b14bd0_0;  alias, 1 drivers
v0x600003b157a0_0 .var "rdata1", 31 0;
v0x600003b15830_0 .var "rdata2", 31 0;
v0x600003b158c0_0 .net "re1", 0 0, v0x600003b14b40_0;  alias, 1 drivers
v0x600003b15950_0 .net "re2", 0 0, v0x600003b14d80_0;  alias, 1 drivers
v0x600003b159e0 .array "regs", 31 0, 31 0;
v0x600003b15a70_0 .net "rst", 0 0, v0x600003b166d0_0;  alias, 1 drivers
v0x600003b15b00_0 .net "waddr", 4 0, o0x7faea6832f68;  alias, 0 drivers
v0x600003b15b90_0 .net "wdata", 31 0, o0x7faea6832f98;  alias, 0 drivers
v0x600003b15c20_0 .net "we", 0 0, o0x7faea6832fc8;  alias, 0 drivers
E_0x60000071c300/0 .event edge, v0x600003b14e10_0, v0x600003b14bd0_0, v0x600003b15b00_0, v0x600003b15c20_0;
v0x600003b159e0_0 .array/port v0x600003b159e0, 0;
v0x600003b159e0_1 .array/port v0x600003b159e0, 1;
E_0x60000071c300/1 .event edge, v0x600003b14d80_0, v0x600003b15b90_0, v0x600003b159e0_0, v0x600003b159e0_1;
v0x600003b159e0_2 .array/port v0x600003b159e0, 2;
v0x600003b159e0_3 .array/port v0x600003b159e0, 3;
v0x600003b159e0_4 .array/port v0x600003b159e0, 4;
v0x600003b159e0_5 .array/port v0x600003b159e0, 5;
E_0x60000071c300/2 .event edge, v0x600003b159e0_2, v0x600003b159e0_3, v0x600003b159e0_4, v0x600003b159e0_5;
v0x600003b159e0_6 .array/port v0x600003b159e0, 6;
v0x600003b159e0_7 .array/port v0x600003b159e0, 7;
v0x600003b159e0_8 .array/port v0x600003b159e0, 8;
v0x600003b159e0_9 .array/port v0x600003b159e0, 9;
E_0x60000071c300/3 .event edge, v0x600003b159e0_6, v0x600003b159e0_7, v0x600003b159e0_8, v0x600003b159e0_9;
v0x600003b159e0_10 .array/port v0x600003b159e0, 10;
v0x600003b159e0_11 .array/port v0x600003b159e0, 11;
v0x600003b159e0_12 .array/port v0x600003b159e0, 12;
v0x600003b159e0_13 .array/port v0x600003b159e0, 13;
E_0x60000071c300/4 .event edge, v0x600003b159e0_10, v0x600003b159e0_11, v0x600003b159e0_12, v0x600003b159e0_13;
v0x600003b159e0_14 .array/port v0x600003b159e0, 14;
v0x600003b159e0_15 .array/port v0x600003b159e0, 15;
v0x600003b159e0_16 .array/port v0x600003b159e0, 16;
v0x600003b159e0_17 .array/port v0x600003b159e0, 17;
E_0x60000071c300/5 .event edge, v0x600003b159e0_14, v0x600003b159e0_15, v0x600003b159e0_16, v0x600003b159e0_17;
v0x600003b159e0_18 .array/port v0x600003b159e0, 18;
v0x600003b159e0_19 .array/port v0x600003b159e0, 19;
v0x600003b159e0_20 .array/port v0x600003b159e0, 20;
v0x600003b159e0_21 .array/port v0x600003b159e0, 21;
E_0x60000071c300/6 .event edge, v0x600003b159e0_18, v0x600003b159e0_19, v0x600003b159e0_20, v0x600003b159e0_21;
v0x600003b159e0_22 .array/port v0x600003b159e0, 22;
v0x600003b159e0_23 .array/port v0x600003b159e0, 23;
v0x600003b159e0_24 .array/port v0x600003b159e0, 24;
v0x600003b159e0_25 .array/port v0x600003b159e0, 25;
E_0x60000071c300/7 .event edge, v0x600003b159e0_22, v0x600003b159e0_23, v0x600003b159e0_24, v0x600003b159e0_25;
v0x600003b159e0_26 .array/port v0x600003b159e0, 26;
v0x600003b159e0_27 .array/port v0x600003b159e0, 27;
v0x600003b159e0_28 .array/port v0x600003b159e0, 28;
v0x600003b159e0_29 .array/port v0x600003b159e0, 29;
E_0x60000071c300/8 .event edge, v0x600003b159e0_26, v0x600003b159e0_27, v0x600003b159e0_28, v0x600003b159e0_29;
v0x600003b159e0_30 .array/port v0x600003b159e0, 30;
v0x600003b159e0_31 .array/port v0x600003b159e0, 31;
E_0x60000071c300/9 .event edge, v0x600003b159e0_30, v0x600003b159e0_31;
E_0x60000071c300 .event/or E_0x60000071c300/0, E_0x60000071c300/1, E_0x60000071c300/2, E_0x60000071c300/3, E_0x60000071c300/4, E_0x60000071c300/5, E_0x60000071c300/6, E_0x60000071c300/7, E_0x60000071c300/8, E_0x60000071c300/9;
E_0x60000071c1e0/0 .event edge, v0x600003b14e10_0, v0x600003b14990_0, v0x600003b15b00_0, v0x600003b15c20_0;
E_0x60000071c1e0/1 .event edge, v0x600003b14b40_0, v0x600003b15b90_0, v0x600003b159e0_0, v0x600003b159e0_1;
E_0x60000071c1e0/2 .event edge, v0x600003b159e0_2, v0x600003b159e0_3, v0x600003b159e0_4, v0x600003b159e0_5;
E_0x60000071c1e0/3 .event edge, v0x600003b159e0_6, v0x600003b159e0_7, v0x600003b159e0_8, v0x600003b159e0_9;
E_0x60000071c1e0/4 .event edge, v0x600003b159e0_10, v0x600003b159e0_11, v0x600003b159e0_12, v0x600003b159e0_13;
E_0x60000071c1e0/5 .event edge, v0x600003b159e0_14, v0x600003b159e0_15, v0x600003b159e0_16, v0x600003b159e0_17;
E_0x60000071c1e0/6 .event edge, v0x600003b159e0_18, v0x600003b159e0_19, v0x600003b159e0_20, v0x600003b159e0_21;
E_0x60000071c1e0/7 .event edge, v0x600003b159e0_22, v0x600003b159e0_23, v0x600003b159e0_24, v0x600003b159e0_25;
E_0x60000071c1e0/8 .event edge, v0x600003b159e0_26, v0x600003b159e0_27, v0x600003b159e0_28, v0x600003b159e0_29;
E_0x60000071c1e0/9 .event edge, v0x600003b159e0_30, v0x600003b159e0_31;
E_0x60000071c1e0 .event/or E_0x60000071c1e0/0, E_0x60000071c1e0/1, E_0x60000071c1e0/2, E_0x60000071c1e0/3, E_0x60000071c1e0/4, E_0x60000071c1e0/5, E_0x60000071c1e0/6, E_0x60000071c1e0/7, E_0x60000071c1e0/8, E_0x60000071c1e0/9;
    .scope S_0x7faea6904a30;
T_0 ;
    %wait E_0x60000071c270;
    %load/vec4 v0x600003b15560_0;
    %cmpi/e 1, 0, 1;
    %jmp/0xz  T_0.0, 4;
    %pushi/vec4 0, 0, 1;
    %assign/vec4 v0x600003b153b0_0, 0;
    %jmp T_0.1;
T_0.0 ;
    %pushi/vec4 1, 0, 1;
    %assign/vec4 v0x600003b153b0_0, 0;
T_0.1 ;
    %jmp T_0;
    .thread T_0;
    .scope S_0x7faea6904a30;
T_1 ;
    %wait E_0x60000071c270;
    %load/vec4 v0x600003b153b0_0;
    %cmpi/e 0, 0, 1;
    %jmp/0xz  T_1.0, 4;
    %pushi/vec4 0, 0, 32;
    %assign/vec4 v0x600003b154d0_0, 0;
    %jmp T_1.1;
T_1.0 ;
    %load/vec4 v0x600003b154d0_0;
    %addi 4, 0, 32;
    %assign/vec4 v0x600003b154d0_0, 0;
T_1.1 ;
    %jmp T_1;
    .thread T_1;
    .scope S_0x7faea69041f0;
T_2 ;
    %wait E_0x60000071c270;
    %load/vec4 v0x600003b15320_0;
    %cmpi/e 1, 0, 1;
    %jmp/0xz  T_2.0, 4;
    %pushi/vec4 0, 0, 32;
    %assign/vec4 v0x600003b15170_0, 0;
    %pushi/vec4 0, 0, 32;
    %assign/vec4 v0x600003b150e0_0, 0;
    %jmp T_2.1;
T_2.0 ;
    %load/vec4 v0x600003b15290_0;
    %assign/vec4 v0x600003b15170_0, 0;
    %load/vec4 v0x600003b15200_0;
    %assign/vec4 v0x600003b150e0_0, 0;
T_2.1 ;
    %jmp T_2;
    .thread T_2;
    .scope S_0x7faea69048b0;
T_3 ;
    %wait E_0x60000071c330;
    %load/vec4 v0x600003b14e10_0;
    %cmpi/e 1, 0, 1;
    %jmp/0xz  T_3.0, 4;
    %pushi/vec4 0, 0, 8;
    %assign/vec4 v0x600003b143f0_0, 0;
    %pushi/vec4 0, 0, 3;
    %assign/vec4 v0x600003b14480_0, 0;
    %pushi/vec4 0, 0, 5;
    %assign/vec4 v0x600003b14ea0_0, 0;
    %pushi/vec4 0, 0, 1;
    %assign/vec4 v0x600003b14f30_0, 0;
    %pushi/vec4 0, 0, 1;
    %assign/vec4 v0x600003b14630_0, 0;
    %pushi/vec4 0, 0, 1;
    %assign/vec4 v0x600003b14b40_0, 0;
    %pushi/vec4 0, 0, 1;
    %assign/vec4 v0x600003b14d80_0, 0;
    %pushi/vec4 0, 0, 5;
    %assign/vec4 v0x600003b14990_0, 0;
    %pushi/vec4 0, 0, 5;
    %assign/vec4 v0x600003b14bd0_0, 0;
    %pushi/vec4 0, 0, 32;
    %assign/vec4 v0x600003b14510_0, 0;
    %jmp T_3.1;
T_3.0 ;
    %pushi/vec4 0, 0, 8;
    %assign/vec4 v0x600003b143f0_0, 0;
    %pushi/vec4 0, 0, 3;
    %assign/vec4 v0x600003b14480_0, 0;
    %load/vec4 v0x600003b145a0_0;
    %parti/s 5, 11, 5;
    %assign/vec4 v0x600003b14ea0_0, 0;
    %pushi/vec4 0, 0, 1;
    %assign/vec4 v0x600003b14f30_0, 0;
    %pushi/vec4 1, 0, 1;
    %assign/vec4 v0x600003b14630_0, 0;
    %pushi/vec4 0, 0, 1;
    %assign/vec4 v0x600003b14b40_0, 0;
    %pushi/vec4 0, 0, 1;
    %assign/vec4 v0x600003b14d80_0, 0;
    %load/vec4 v0x600003b145a0_0;
    %parti/s 5, 21, 6;
    %assign/vec4 v0x600003b14990_0, 0;
    %load/vec4 v0x600003b145a0_0;
    %parti/s 5, 16, 6;
    %assign/vec4 v0x600003b14bd0_0, 0;
    %pushi/vec4 0, 0, 32;
    %assign/vec4 v0x600003b14510_0, 0;
    %load/vec4 v0x600003b146c0_0;
    %dup/vec4;
    %pushi/vec4 13, 0, 6;
    %cmp/u;
    %jmp/1 T_3.2, 6;
    %jmp T_3.4;
T_3.2 ;
    %pushi/vec4 1, 0, 1;
    %assign/vec4 v0x600003b14f30_0, 0;
    %pushi/vec4 37, 0, 8;
    %assign/vec4 v0x600003b143f0_0, 0;
    %pushi/vec4 1, 0, 3;
    %assign/vec4 v0x600003b14480_0, 0;
    %pushi/vec4 1, 0, 1;
    %assign/vec4 v0x600003b14b40_0, 0;
    %pushi/vec4 0, 0, 1;
    %assign/vec4 v0x600003b14d80_0, 0;
    %pushi/vec4 0, 0, 16;
    %load/vec4 v0x600003b145a0_0;
    %parti/s 16, 0, 2;
    %concat/vec4; draw_concat_vec4
    %assign/vec4 v0x600003b14510_0, 0;
    %load/vec4 v0x600003b145a0_0;
    %parti/s 5, 16, 6;
    %assign/vec4 v0x600003b14ea0_0, 0;
    %pushi/vec4 0, 0, 1;
    %assign/vec4 v0x600003b14630_0, 0;
    %jmp T_3.4;
T_3.4 ;
    %pop/vec4 1;
T_3.1 ;
    %jmp T_3;
    .thread T_3, $push;
    .scope S_0x7faea69048b0;
T_4 ;
    %wait E_0x60000071c2a0;
    %load/vec4 v0x600003b14e10_0;
    %cmpi/e 1, 0, 1;
    %jmp/0xz  T_4.0, 4;
    %pushi/vec4 0, 0, 32;
    %assign/vec4 v0x600003b14ab0_0, 0;
    %jmp T_4.1;
T_4.0 ;
    %load/vec4 v0x600003b14b40_0;
    %cmpi/e 1, 0, 1;
    %jmp/0xz  T_4.2, 4;
    %load/vec4 v0x600003b14a20_0;
    %assign/vec4 v0x600003b14ab0_0, 0;
    %jmp T_4.3;
T_4.2 ;
    %load/vec4 v0x600003b14b40_0;
    %cmpi/e 0, 0, 1;
    %jmp/0xz  T_4.4, 4;
    %load/vec4 v0x600003b14510_0;
    %assign/vec4 v0x600003b14ab0_0, 0;
    %jmp T_4.5;
T_4.4 ;
    %pushi/vec4 0, 0, 32;
    %assign/vec4 v0x600003b14ab0_0, 0;
T_4.5 ;
T_4.3 ;
T_4.1 ;
    %jmp T_4;
    .thread T_4, $push;
    .scope S_0x7faea69048b0;
T_5 ;
    %wait E_0x60000071c510;
    %load/vec4 v0x600003b14e10_0;
    %cmpi/e 1, 0, 1;
    %jmp/0xz  T_5.0, 4;
    %pushi/vec4 0, 0, 32;
    %assign/vec4 v0x600003b14cf0_0, 0;
    %jmp T_5.1;
T_5.0 ;
    %load/vec4 v0x600003b14d80_0;
    %cmpi/e 1, 0, 1;
    %jmp/0xz  T_5.2, 4;
    %load/vec4 v0x600003b14c60_0;
    %assign/vec4 v0x600003b14cf0_0, 0;
    %jmp T_5.3;
T_5.2 ;
    %load/vec4 v0x600003b14d80_0;
    %cmpi/e 0, 0, 1;
    %jmp/0xz  T_5.4, 4;
    %load/vec4 v0x600003b14510_0;
    %assign/vec4 v0x600003b14cf0_0, 0;
    %jmp T_5.5;
T_5.4 ;
    %pushi/vec4 0, 0, 32;
    %assign/vec4 v0x600003b14cf0_0, 0;
T_5.5 ;
T_5.3 ;
T_5.1 ;
    %jmp T_5;
    .thread T_5, $push;
    .scope S_0x7faea6904ba0;
T_6 ;
    %wait E_0x60000071c270;
    %load/vec4 v0x600003b15a70_0;
    %cmpi/e 0, 0, 1;
    %jmp/0xz  T_6.0, 4;
    %load/vec4 v0x600003b15c20_0;
    %pushi/vec4 1, 0, 1;
    %cmp/e;
    %flag_get/vec4 4;
    %load/vec4 v0x600003b15b00_0;
    %pushi/vec4 0, 0, 5;
    %cmp/ne;
    %flag_get/vec4 4;
    %and;
    %flag_set/vec4 8;
    %jmp/0xz  T_6.2, 8;
    %load/vec4 v0x600003b15b90_0;
    %load/vec4 v0x600003b15b00_0;
    %pad/u 7;
    %ix/vec4 3;
    %ix/load 4, 0, 0; Constant delay
    %assign/vec4/a/d v0x600003b159e0, 0, 4;
T_6.2 ;
T_6.0 ;
    %jmp T_6;
    .thread T_6;
    .scope S_0x7faea6904ba0;
T_7 ;
    %wait E_0x60000071c1e0;
    %load/vec4 v0x600003b15a70_0;
    %cmpi/e 1, 0, 1;
    %jmp/0xz  T_7.0, 4;
    %pushi/vec4 0, 0, 32;
    %assign/vec4 v0x600003b157a0_0, 0;
    %jmp T_7.1;
T_7.0 ;
    %load/vec4 v0x600003b15680_0;
    %cmpi/e 0, 0, 5;
    %jmp/0xz  T_7.2, 4;
    %pushi/vec4 0, 0, 32;
    %assign/vec4 v0x600003b157a0_0, 0;
    %jmp T_7.3;
T_7.2 ;
    %load/vec4 v0x600003b15680_0;
    %load/vec4 v0x600003b15b00_0;
    %cmp/e;
    %flag_get/vec4 4;
    %load/vec4 v0x600003b15c20_0;
    %pushi/vec4 1, 0, 1;
    %cmp/e;
    %flag_get/vec4 4;
    %and;
    %load/vec4 v0x600003b158c0_0;
    %pushi/vec4 1, 0, 1;
    %cmp/e;
    %flag_get/vec4 4;
    %and;
    %flag_set/vec4 8;
    %jmp/0xz  T_7.4, 8;
    %load/vec4 v0x600003b15b90_0;
    %assign/vec4 v0x600003b157a0_0, 0;
    %jmp T_7.5;
T_7.4 ;
    %load/vec4 v0x600003b158c0_0;
    %cmpi/e 1, 0, 1;
    %jmp/0xz  T_7.6, 4;
    %load/vec4 v0x600003b15680_0;
    %pad/u 7;
    %ix/vec4 4;
    %load/vec4a v0x600003b159e0, 4;
    %assign/vec4 v0x600003b157a0_0, 0;
    %jmp T_7.7;
T_7.6 ;
    %pushi/vec4 0, 0, 32;
    %assign/vec4 v0x600003b157a0_0, 0;
T_7.7 ;
T_7.5 ;
T_7.3 ;
T_7.1 ;
    %jmp T_7;
    .thread T_7, $push;
    .scope S_0x7faea6904ba0;
T_8 ;
    %wait E_0x60000071c300;
    %load/vec4 v0x600003b15a70_0;
    %cmpi/e 1, 0, 1;
    %jmp/0xz  T_8.0, 4;
    %pushi/vec4 0, 0, 32;
    %assign/vec4 v0x600003b15830_0, 0;
    %jmp T_8.1;
T_8.0 ;
    %load/vec4 v0x600003b15710_0;
    %cmpi/e 0, 0, 5;
    %jmp/0xz  T_8.2, 4;
    %pushi/vec4 0, 0, 32;
    %assign/vec4 v0x600003b15830_0, 0;
    %jmp T_8.3;
T_8.2 ;
    %load/vec4 v0x600003b15710_0;
    %load/vec4 v0x600003b15b00_0;
    %cmp/e;
    %flag_get/vec4 4;
    %load/vec4 v0x600003b15c20_0;
    %pushi/vec4 1, 0, 1;
    %cmp/e;
    %flag_get/vec4 4;
    %and;
    %load/vec4 v0x600003b15950_0;
    %pushi/vec4 1, 0, 1;
    %cmp/e;
    %flag_get/vec4 4;
    %and;
    %flag_set/vec4 8;
    %jmp/0xz  T_8.4, 8;
    %load/vec4 v0x600003b15b90_0;
    %assign/vec4 v0x600003b15830_0, 0;
    %jmp T_8.5;
T_8.4 ;
    %load/vec4 v0x600003b15950_0;
    %cmpi/e 1, 0, 1;
    %jmp/0xz  T_8.6, 4;
    %load/vec4 v0x600003b15710_0;
    %pad/u 7;
    %ix/vec4 4;
    %load/vec4a v0x600003b159e0, 4;
    %assign/vec4 v0x600003b15830_0, 0;
    %jmp T_8.7;
T_8.6 ;
    %pushi/vec4 0, 0, 32;
    %assign/vec4 v0x600003b15830_0, 0;
T_8.7 ;
T_8.5 ;
T_8.3 ;
T_8.1 ;
    %jmp T_8;
    .thread T_8, $push;
    .scope S_0x7faea6904740;
T_9 ;
    %delay 0, 0;
    %pushi/vec4 0, 0, 1;
    %store/vec4 v0x600003b15d40_0, 0, 1;
    %pushi/vec4 1, 0, 1;
    %store/vec4 v0x600003b166d0_0, 0, 1;
    %pushi/vec4 2, 0, 32;
    %store/vec4 v0x600003b16250_0, 0, 32;
    %delay 100, 0;
    %pushi/vec4 0, 0, 1;
    %store/vec4 v0x600003b166d0_0, 0, 1;
    %delay 1000, 0;
    %vpi_call 2 37 "$finish" {0 0 0};
    %end;
    .thread T_9;
    .scope S_0x7faea6904740;
T_10 ;
    %delay 5, 0;
    %load/vec4 v0x600003b15d40_0;
    %inv;
    %store/vec4 v0x600003b15d40_0, 0, 1;
    %jmp T_10;
    .thread T_10;
# The file index is used to find the file name in the following table.
:file_names 7;
    "N/A";
    "<interactive>";
    "tb_id.v";
    "./id.v";
    "./if_id.v";
    "./pc_reg.v";
    "./regfile.v";
